Analysis & Synthesis report for trabalho-final
Thu Jul 06 00:31:39 2017
Quartus II 64-Bit Version 13.0.1 Build 232 06/12/2013 Service Pack 1 SJ Web Edition


---------------------
; Table of Contents ;
---------------------
  1. Legal Notice
  2. Analysis & Synthesis Summary
  3. Analysis & Synthesis Settings
  4. Parallel Compilation
  5. Analysis & Synthesis Source Files Read
  6. Analysis & Synthesis Resource Usage Summary
  7. Analysis & Synthesis Resource Utilization by Entity
  8. Registers Removed During Synthesis
  9. General Register Statistics
 10. Elapsed Time Per Partition
 11. Analysis & Synthesis Messages



----------------
; Legal Notice ;
----------------
Copyright (C) 1991-2013 Altera Corporation
Your use of Altera Corporation's design tools, logic functions 
and other software and tools, and its AMPP partner logic 
functions, and any output files from any of the foregoing 
(including device programming or simulation files), and any 
associated documentation or information are expressly subject 
to the terms and conditions of the Altera Program License 
Subscription Agreement, Altera MegaCore Function License 
Agreement, or other applicable license agreement, including, 
without limitation, that your use is for the sole purpose of 
programming logic devices manufactured by Altera and sold by 
Altera or its authorized distributors.  Please refer to the 
applicable agreement for further details.



+--------------------------------------------------------------------------------------+
; Analysis & Synthesis Summary                                                         ;
+------------------------------------+-------------------------------------------------+
; Analysis & Synthesis Status        ; Successful - Thu Jul 06 00:31:39 2017           ;
; Quartus II 64-Bit Version          ; 13.0.1 Build 232 06/12/2013 SP 1 SJ Web Edition ;
; Revision Name                      ; trabalho-final                                  ;
; Top-level Entity Name              ; mapa_completo                                   ;
; Family                             ; Cyclone II                                      ;
; Total logic elements               ; 0                                               ;
;     Total combinational functions  ; 0                                               ;
;     Dedicated logic registers      ; 0                                               ;
; Total registers                    ; 0                                               ;
; Total pins                         ; 18                                              ;
; Total virtual pins                 ; 0                                               ;
; Total memory bits                  ; 0                                               ;
; Embedded Multiplier 9-bit elements ; 0                                               ;
; Total PLLs                         ; 0                                               ;
+------------------------------------+-------------------------------------------------+


+----------------------------------------------------------------------------------------------------------------------+
; Analysis & Synthesis Settings                                                                                        ;
+----------------------------------------------------------------------------+--------------------+--------------------+
; Option                                                                     ; Setting            ; Default Value      ;
+----------------------------------------------------------------------------+--------------------+--------------------+
; Device                                                                     ; EP2C35F672C6       ;                    ;
; Top-level entity name                                                      ; mapa_completo      ; trabalho-final     ;
; Family name                                                                ; Cyclone II         ; Cyclone IV GX      ;
; Use smart compilation                                                      ; Off                ; Off                ;
; Enable parallel Assembler and TimeQuest Timing Analyzer during compilation ; On                 ; On                 ;
; Enable compact report table                                                ; Off                ; Off                ;
; Restructure Multiplexers                                                   ; Auto               ; Auto               ;
; Create Debugging Nodes for IP Cores                                        ; Off                ; Off                ;
; Preserve fewer node names                                                  ; On                 ; On                 ;
; Disable OpenCore Plus hardware evaluation                                  ; Off                ; Off                ;
; Verilog Version                                                            ; Verilog_2001       ; Verilog_2001       ;
; VHDL Version                                                               ; VHDL_1993          ; VHDL_1993          ;
; State Machine Processing                                                   ; Auto               ; Auto               ;
; Safe State Machine                                                         ; Off                ; Off                ;
; Extract Verilog State Machines                                             ; On                 ; On                 ;
; Extract VHDL State Machines                                                ; On                 ; On                 ;
; Ignore Verilog initial constructs                                          ; Off                ; Off                ;
; Iteration limit for constant Verilog loops                                 ; 5000               ; 5000               ;
; Iteration limit for non-constant Verilog loops                             ; 250                ; 250                ;
; Add Pass-Through Logic to Inferred RAMs                                    ; On                 ; On                 ;
; Infer RAMs from Raw Logic                                                  ; On                 ; On                 ;
; Parallel Synthesis                                                         ; On                 ; On                 ;
; DSP Block Balancing                                                        ; Auto               ; Auto               ;
; NOT Gate Push-Back                                                         ; On                 ; On                 ;
; Power-Up Don't Care                                                        ; On                 ; On                 ;
; Remove Redundant Logic Cells                                               ; Off                ; Off                ;
; Remove Duplicate Registers                                                 ; On                 ; On                 ;
; Ignore CARRY Buffers                                                       ; Off                ; Off                ;
; Ignore CASCADE Buffers                                                     ; Off                ; Off                ;
; Ignore GLOBAL Buffers                                                      ; Off                ; Off                ;
; Ignore ROW GLOBAL Buffers                                                  ; Off                ; Off                ;
; Ignore LCELL Buffers                                                       ; Off                ; Off                ;
; Ignore SOFT Buffers                                                        ; On                 ; On                 ;
; Limit AHDL Integers to 32 Bits                                             ; Off                ; Off                ;
; Optimization Technique                                                     ; Balanced           ; Balanced           ;
; Carry Chain Length                                                         ; 70                 ; 70                 ;
; Auto Carry Chains                                                          ; On                 ; On                 ;
; Auto Open-Drain Pins                                                       ; On                 ; On                 ;
; Perform WYSIWYG Primitive Resynthesis                                      ; Off                ; Off                ;
; Auto ROM Replacement                                                       ; On                 ; On                 ;
; Auto RAM Replacement                                                       ; On                 ; On                 ;
; Auto Shift Register Replacement                                            ; Auto               ; Auto               ;
; Allow Shift Register Merging across Hierarchies                            ; Auto               ; Auto               ;
; Auto Clock Enable Replacement                                              ; On                 ; On                 ;
; Strict RAM Replacement                                                     ; Off                ; Off                ;
; Allow Synchronous Control Signals                                          ; On                 ; On                 ;
; Force Use of Synchronous Clear Signals                                     ; Off                ; Off                ;
; Auto RAM to Logic Cell Conversion                                          ; Off                ; Off                ;
; Auto Resource Sharing                                                      ; Off                ; Off                ;
; Allow Any RAM Size For Recognition                                         ; Off                ; Off                ;
; Allow Any ROM Size For Recognition                                         ; Off                ; Off                ;
; Allow Any Shift Register Size For Recognition                              ; Off                ; Off                ;
; Use LogicLock Constraints during Resource Balancing                        ; On                 ; On                 ;
; Ignore translate_off and synthesis_off directives                          ; Off                ; Off                ;
; Timing-Driven Synthesis                                                    ; Off                ; Off                ;
; Report Parameter Settings                                                  ; On                 ; On                 ;
; Report Source Assignments                                                  ; On                 ; On                 ;
; Report Connectivity Checks                                                 ; On                 ; On                 ;
; Ignore Maximum Fan-Out Assignments                                         ; Off                ; Off                ;
; Synchronization Register Chain Length                                      ; 2                  ; 2                  ;
; PowerPlay Power Optimization                                               ; Normal compilation ; Normal compilation ;
; HDL message level                                                          ; Level2             ; Level2             ;
; Suppress Register Optimization Related Messages                            ; Off                ; Off                ;
; Number of Removed Registers Reported in Synthesis Report                   ; 5000               ; 5000               ;
; Number of Swept Nodes Reported in Synthesis Report                         ; 5000               ; 5000               ;
; Number of Inverted Registers Reported in Synthesis Report                  ; 100                ; 100                ;
; Clock MUX Protection                                                       ; On                 ; On                 ;
; Auto Gated Clock Conversion                                                ; Off                ; Off                ;
; Block Design Naming                                                        ; Auto               ; Auto               ;
; SDC constraint protection                                                  ; Off                ; Off                ;
; Synthesis Effort                                                           ; Auto               ; Auto               ;
; Shift Register Replacement - Allow Asynchronous Clear Signal               ; On                 ; On                 ;
; Pre-Mapping Resynthesis Optimization                                       ; Off                ; Off                ;
; Analysis & Synthesis Message Level                                         ; Medium             ; Medium             ;
; Disable Register Merging Across Hierarchies                                ; Auto               ; Auto               ;
; Resource Aware Inference For Block RAM                                     ; On                 ; On                 ;
; Synthesis Seed                                                             ; 1                  ; 1                  ;
+----------------------------------------------------------------------------+--------------------+--------------------+


Parallel compilation was disabled, but you have multiple processors available. Enable parallel compilation to reduce compilation time.
+-------------------------------------+
; Parallel Compilation                ;
+----------------------------+--------+
; Processors                 ; Number ;
+----------------------------+--------+
; Number detected on machine ; 4      ;
; Maximum allowed            ; 1      ;
+----------------------------+--------+


+-----------------------------------------------------------------------------------------------------------------------------------------------------------------------+
; Analysis & Synthesis Source Files Read                                                                                                                                ;
+----------------------------------+-----------------+------------------------------------+-------------------------------------------------------------------+---------+
; File Name with User-Entered Path ; Used in Netlist ; File Type                          ; File Name with Absolute Path                                      ; Library ;
+----------------------------------+-----------------+------------------------------------+-------------------------------------------------------------------+---------+
; linha_1.bdf                      ; yes             ; User Block Diagram/Schematic File  ; C:/altera/13.0sp1/trabalho/trabalho_final_de_cd/linha_1.bdf       ;         ;
; linha_2.bdf                      ; yes             ; User Block Diagram/Schematic File  ; C:/altera/13.0sp1/trabalho/trabalho_final_de_cd/linha_2.bdf       ;         ;
; mapa_completo.bdf                ; yes             ; User Block Diagram/Schematic File  ; C:/altera/13.0sp1/trabalho/trabalho_final_de_cd/mapa_completo.bdf ;         ;
; linha_9.bdf                      ; yes             ; User Block Diagram/Schematic File  ; C:/altera/13.0sp1/trabalho/trabalho_final_de_cd/linha_9.bdf       ;         ;
; linha_10.bdf                     ; yes             ; User Block Diagram/Schematic File  ; C:/altera/13.0sp1/trabalho/trabalho_final_de_cd/linha_10.bdf      ;         ;
; linha_12.bdf                     ; yes             ; User Block Diagram/Schematic File  ; C:/altera/13.0sp1/trabalho/trabalho_final_de_cd/linha_12.bdf      ;         ;
; linha_13.bdf                     ; yes             ; User Block Diagram/Schematic File  ; C:/altera/13.0sp1/trabalho/trabalho_final_de_cd/linha_13.bdf      ;         ;
; linha_15.bdf                     ; yes             ; User Block Diagram/Schematic File  ; C:/altera/13.0sp1/trabalho/trabalho_final_de_cd/linha_15.bdf      ;         ;
; linha_16.bdf                     ; yes             ; User Block Diagram/Schematic File  ; C:/altera/13.0sp1/trabalho/trabalho_final_de_cd/linha_16.bdf      ;         ;
; linha_17.bdf                     ; yes             ; User Block Diagram/Schematic File  ; C:/altera/13.0sp1/trabalho/trabalho_final_de_cd/linha_17.bdf      ;         ;
; linha_24.bdf                     ; yes             ; User Block Diagram/Schematic File  ; C:/altera/13.0sp1/trabalho/trabalho_final_de_cd/linha_24.bdf      ;         ;
; linha_27.bdf                     ; yes             ; User Block Diagram/Schematic File  ; C:/altera/13.0sp1/trabalho/trabalho_final_de_cd/linha_27.bdf      ;         ;
; linha_28.bdf                     ; yes             ; User Block Diagram/Schematic File  ; C:/altera/13.0sp1/trabalho/trabalho_final_de_cd/linha_28.bdf      ;         ;
+----------------------------------+-----------------+------------------------------------+-------------------------------------------------------------------+---------+


+-----------------------------------------------------+
; Analysis & Synthesis Resource Usage Summary         ;
+---------------------------------------------+-------+
; Resource                                    ; Usage ;
+---------------------------------------------+-------+
;                                             ;       ;
; Total combinational functions               ; 0     ;
; Logic element usage by number of LUT inputs ;       ;
;     -- 4 input functions                    ; 0     ;
;     -- 3 input functions                    ; 0     ;
;     -- <=2 input functions                  ; 0     ;
;                                             ;       ;
; Logic elements by mode                      ;       ;
;     -- normal mode                          ; 0     ;
;     -- arithmetic mode                      ; 0     ;
;                                             ;       ;
; Total registers                             ; 0     ;
;     -- Dedicated logic registers            ; 0     ;
;     -- I/O registers                        ; 0     ;
;                                             ;       ;
; I/O pins                                    ; 18    ;
; Embedded Multiplier 9-bit elements          ; 0     ;
; Maximum fan-out node                        ; SET   ;
; Maximum fan-out                             ; 8     ;
; Total fan-out                               ; 8     ;
; Average fan-out                             ; 0.44  ;
+---------------------------------------------+-------+


+-----------------------------------------------------------------------------------------------------------------------------------------------------------------------------+
; Analysis & Synthesis Resource Utilization by Entity                                                                                                                         ;
+----------------------------+-------------------+--------------+-------------+--------------+---------+-----------+------+--------------+---------------------+--------------+
; Compilation Hierarchy Node ; LC Combinationals ; LC Registers ; Memory Bits ; DSP Elements ; DSP 9x9 ; DSP 18x18 ; Pins ; Virtual Pins ; Full Hierarchy Name ; Library Name ;
+----------------------------+-------------------+--------------+-------------+--------------+---------+-----------+------+--------------+---------------------+--------------+
; |mapa_completo             ; 0 (0)             ; 0 (0)        ; 0           ; 0            ; 0       ; 0         ; 18   ; 0            ; |mapa_completo      ; work         ;
+----------------------------+-------------------+--------------+-------------+--------------+---------+-----------+------+--------------+---------------------+--------------+
Note: For table entries with two numbers listed, the numbers in parentheses indicate the number of resources of the given type used by the specific entity alone. The numbers listed outside of parentheses indicate the total resources of the given type used by the specific entity and all of its sub-entities in the hierarchy.


+---------------------------------------------------------------------------------+
; Registers Removed During Synthesis                                              ;
+-----------------------------------------+---------------------------------------+
; Register name                           ; Reason for Removal                    ;
+-----------------------------------------+---------------------------------------+
; linha_2:l2|inst8                        ; Lost fanout                           ;
; linha_2:l2|inst7                        ; Lost fanout                           ;
; linha_2:l2|inst6                        ; Lost fanout                           ;
; linha_2:l2|inst5                        ; Lost fanout                           ;
; linha_2:l2|inst4                        ; Lost fanout                           ;
; linha_2:l2|inst3                        ; Lost fanout                           ;
; linha_2:l2|inst2                        ; Lost fanout                           ;
; linha_2:l2|instiis                      ; Lost fanout                           ;
; linha_2:l3|inst8                        ; Lost fanout                           ;
; linha_2:l3|inst7                        ; Lost fanout                           ;
; linha_2:l3|inst6                        ; Lost fanout                           ;
; linha_2:l3|inst5                        ; Lost fanout                           ;
; linha_2:l3|inst4                        ; Lost fanout                           ;
; linha_2:l3|inst3                        ; Lost fanout                           ;
; linha_2:l3|inst2                        ; Lost fanout                           ;
; linha_2:l3|instiis                      ; Lost fanout                           ;
; linha_2:l4|inst8                        ; Lost fanout                           ;
; linha_2:l4|inst7                        ; Lost fanout                           ;
; linha_2:l4|inst6                        ; Lost fanout                           ;
; linha_2:l4|inst5                        ; Lost fanout                           ;
; linha_2:l4|inst4                        ; Lost fanout                           ;
; linha_2:l4|inst3                        ; Lost fanout                           ;
; linha_2:l4|inst2                        ; Lost fanout                           ;
; linha_2:l4|instiis                      ; Lost fanout                           ;
; linha_2:l5|inst8                        ; Lost fanout                           ;
; linha_2:l5|inst7                        ; Lost fanout                           ;
; linha_2:l5|inst6                        ; Lost fanout                           ;
; linha_2:l5|inst5                        ; Lost fanout                           ;
; linha_2:l5|inst4                        ; Lost fanout                           ;
; linha_2:l5|inst3                        ; Lost fanout                           ;
; linha_2:l5|inst2                        ; Lost fanout                           ;
; linha_2:l5|instiis                      ; Lost fanout                           ;
; linha_2:l6|inst8                        ; Lost fanout                           ;
; linha_2:l6|inst7                        ; Lost fanout                           ;
; linha_2:l6|inst6                        ; Lost fanout                           ;
; linha_2:l6|inst5                        ; Lost fanout                           ;
; linha_2:l6|inst4                        ; Lost fanout                           ;
; linha_2:l6|inst3                        ; Lost fanout                           ;
; linha_2:l6|inst2                        ; Lost fanout                           ;
; linha_2:l6|instiis                      ; Lost fanout                           ;
; linha_2:l7|inst8                        ; Lost fanout                           ;
; linha_2:l7|inst7                        ; Lost fanout                           ;
; linha_2:l7|inst6                        ; Lost fanout                           ;
; linha_2:l7|inst5                        ; Lost fanout                           ;
; linha_2:l7|inst4                        ; Lost fanout                           ;
; linha_2:l7|inst3                        ; Lost fanout                           ;
; linha_2:l7|inst2                        ; Lost fanout                           ;
; linha_2:l7|instiis                      ; Lost fanout                           ;
; linha_1:l8|inst8                        ; Lost fanout                           ;
; linha_1:l8|inst7                        ; Lost fanout                           ;
; linha_1:l8|inst6                        ; Lost fanout                           ;
; linha_1:l8|inst5                        ; Lost fanout                           ;
; linha_1:l8|inst4                        ; Lost fanout                           ;
; linha_1:l8|inst3                        ; Lost fanout                           ;
; linha_1:l8|inst2                        ; Lost fanout                           ;
; linha_1:l8|instiis                      ; Lost fanout                           ;
; linha_9:l9|inst8                        ; Lost fanout                           ;
; linha_9:l9|inst7                        ; Lost fanout                           ;
; linha_9:l9|inst6                        ; Lost fanout                           ;
; linha_9:l9|inst5                        ; Lost fanout                           ;
; linha_9:l9|inst4                        ; Lost fanout                           ;
; linha_9:l9|inst3                        ; Lost fanout                           ;
; linha_9:l9|inst2                        ; Lost fanout                           ;
; linha_9:l9|instiis                      ; Lost fanout                           ;
; linha_10:l10|inst8                      ; Lost fanout                           ;
; linha_10:l10|inst7                      ; Lost fanout                           ;
; linha_10:l10|inst6                      ; Lost fanout                           ;
; linha_10:l10|inst5                      ; Lost fanout                           ;
; linha_10:l10|inst4                      ; Lost fanout                           ;
; linha_10:l10|inst3                      ; Lost fanout                           ;
; linha_10:l10|inst2                      ; Lost fanout                           ;
; linha_10:l10|instiis                    ; Lost fanout                           ;
; linha_2:l11|inst8                       ; Lost fanout                           ;
; linha_2:l11|inst7                       ; Lost fanout                           ;
; linha_2:l11|inst6                       ; Lost fanout                           ;
; linha_2:l11|inst5                       ; Lost fanout                           ;
; linha_2:l11|inst4                       ; Lost fanout                           ;
; linha_2:l11|inst3                       ; Lost fanout                           ;
; linha_2:l11|inst2                       ; Lost fanout                           ;
; linha_2:l11|instiis                     ; Lost fanout                           ;
; linha_12:l12|inst8                      ; Lost fanout                           ;
; linha_12:l12|inst7                      ; Lost fanout                           ;
; linha_12:l12|inst6                      ; Lost fanout                           ;
; linha_12:l12|inst5                      ; Lost fanout                           ;
; linha_12:l12|inst4                      ; Lost fanout                           ;
; linha_12:l12|inst3                      ; Lost fanout                           ;
; linha_12:l12|inst2                      ; Lost fanout                           ;
; linha_12:l12|instiis                    ; Lost fanout                           ;
; linha_13:l13|inst8                      ; Lost fanout                           ;
; linha_13:l13|inst7                      ; Lost fanout                           ;
; linha_13:l13|inst6                      ; Lost fanout                           ;
; linha_13:l13|inst5                      ; Lost fanout                           ;
; linha_13:l13|inst4                      ; Lost fanout                           ;
; linha_13:l13|inst3                      ; Lost fanout                           ;
; linha_13:l13|inst2                      ; Lost fanout                           ;
; linha_13:l13|instiis                    ; Lost fanout                           ;
; linha_13:l14|inst8                      ; Lost fanout                           ;
; linha_13:l14|inst7                      ; Lost fanout                           ;
; linha_13:l14|inst6                      ; Lost fanout                           ;
; linha_13:l14|inst5                      ; Lost fanout                           ;
; linha_13:l14|inst4                      ; Lost fanout                           ;
; linha_13:l14|inst3                      ; Lost fanout                           ;
; linha_13:l14|inst2                      ; Lost fanout                           ;
; linha_13:l14|instiis                    ; Lost fanout                           ;
; linha_15:l15|inst8                      ; Lost fanout                           ;
; linha_15:l15|inst7                      ; Lost fanout                           ;
; linha_15:l15|inst6                      ; Lost fanout                           ;
; linha_15:l15|inst5                      ; Lost fanout                           ;
; linha_15:l15|inst4                      ; Lost fanout                           ;
; linha_15:l15|inst3                      ; Lost fanout                           ;
; linha_15:l15|inst2                      ; Lost fanout                           ;
; linha_15:l15|instiis                    ; Lost fanout                           ;
; linha_16:l16|inst8                      ; Lost fanout                           ;
; linha_16:l16|inst7                      ; Lost fanout                           ;
; linha_16:l16|inst6                      ; Lost fanout                           ;
; linha_16:l16|inst5                      ; Lost fanout                           ;
; linha_16:l16|inst4                      ; Lost fanout                           ;
; linha_16:l16|inst3                      ; Lost fanout                           ;
; linha_16:l16|inst2                      ; Lost fanout                           ;
; linha_16:l16|instiis                    ; Lost fanout                           ;
; linha_17:l17|inst8                      ; Lost fanout                           ;
; linha_17:l17|inst7                      ; Lost fanout                           ;
; linha_17:l17|inst6                      ; Lost fanout                           ;
; linha_17:l17|inst5                      ; Lost fanout                           ;
; linha_17:l17|inst4                      ; Lost fanout                           ;
; linha_17:l17|inst3                      ; Lost fanout                           ;
; linha_17:l17|inst2                      ; Lost fanout                           ;
; linha_17:l17|instiis                    ; Lost fanout                           ;
; linha_17:l18|inst8                      ; Lost fanout                           ;
; linha_17:l18|inst7                      ; Lost fanout                           ;
; linha_17:l18|inst6                      ; Lost fanout                           ;
; linha_17:l18|inst5                      ; Lost fanout                           ;
; linha_17:l18|inst4                      ; Lost fanout                           ;
; linha_17:l18|inst3                      ; Lost fanout                           ;
; linha_17:l18|inst2                      ; Lost fanout                           ;
; linha_17:l18|instiis                    ; Lost fanout                           ;
; linha_16:l19|inst8                      ; Lost fanout                           ;
; linha_16:l19|inst7                      ; Lost fanout                           ;
; linha_16:l19|inst6                      ; Lost fanout                           ;
; linha_16:l19|inst5                      ; Lost fanout                           ;
; linha_16:l19|inst4                      ; Lost fanout                           ;
; linha_16:l19|inst3                      ; Lost fanout                           ;
; linha_16:l19|inst2                      ; Lost fanout                           ;
; linha_16:l19|instiis                    ; Lost fanout                           ;
; linha_15:l20|inst8                      ; Lost fanout                           ;
; linha_15:l20|inst7                      ; Lost fanout                           ;
; linha_15:l20|inst6                      ; Lost fanout                           ;
; linha_15:l20|inst5                      ; Lost fanout                           ;
; linha_15:l20|inst4                      ; Lost fanout                           ;
; linha_15:l20|inst3                      ; Lost fanout                           ;
; linha_15:l20|inst2                      ; Lost fanout                           ;
; linha_15:l20|instiis                    ; Lost fanout                           ;
; linha_12:l21|inst8                      ; Lost fanout                           ;
; linha_12:l21|inst7                      ; Lost fanout                           ;
; linha_12:l21|inst6                      ; Lost fanout                           ;
; linha_12:l21|inst5                      ; Lost fanout                           ;
; linha_12:l21|inst4                      ; Lost fanout                           ;
; linha_12:l21|inst3                      ; Lost fanout                           ;
; linha_12:l21|inst2                      ; Lost fanout                           ;
; linha_12:l21|instiis                    ; Lost fanout                           ;
; linha_13:l22|inst8                      ; Lost fanout                           ;
; linha_13:l22|inst7                      ; Lost fanout                           ;
; linha_13:l22|inst6                      ; Lost fanout                           ;
; linha_13:l22|inst5                      ; Lost fanout                           ;
; linha_13:l22|inst4                      ; Lost fanout                           ;
; linha_13:l22|inst3                      ; Lost fanout                           ;
; linha_13:l22|inst2                      ; Lost fanout                           ;
; linha_13:l22|instiis                    ; Lost fanout                           ;
; linha_12:l23|inst8                      ; Lost fanout                           ;
; linha_12:l23|inst7                      ; Lost fanout                           ;
; linha_12:l23|inst6                      ; Lost fanout                           ;
; linha_12:l23|inst5                      ; Lost fanout                           ;
; linha_12:l23|inst4                      ; Lost fanout                           ;
; linha_12:l23|inst3                      ; Lost fanout                           ;
; linha_12:l23|inst2                      ; Lost fanout                           ;
; linha_12:l23|instiis                    ; Lost fanout                           ;
; linha_24:l24|inst8                      ; Lost fanout                           ;
; linha_24:l24|inst7                      ; Lost fanout                           ;
; linha_24:l24|inst6                      ; Lost fanout                           ;
; linha_24:l24|inst5                      ; Lost fanout                           ;
; linha_24:l24|inst4                      ; Lost fanout                           ;
; linha_24:l24|inst3                      ; Lost fanout                           ;
; linha_24:l24|inst2                      ; Lost fanout                           ;
; linha_24:l24|instiis                    ; Lost fanout                           ;
; linha_24:l25|inst8                      ; Lost fanout                           ;
; linha_24:l25|inst7                      ; Lost fanout                           ;
; linha_24:l25|inst6                      ; Lost fanout                           ;
; linha_24:l25|inst5                      ; Lost fanout                           ;
; linha_24:l25|inst4                      ; Lost fanout                           ;
; linha_24:l25|inst3                      ; Lost fanout                           ;
; linha_24:l25|inst2                      ; Lost fanout                           ;
; linha_24:l25|instiis                    ; Lost fanout                           ;
; linha_15:l26|inst8                      ; Lost fanout                           ;
; linha_15:l26|inst7                      ; Lost fanout                           ;
; linha_15:l26|inst6                      ; Lost fanout                           ;
; linha_15:l26|inst5                      ; Lost fanout                           ;
; linha_15:l26|inst4                      ; Lost fanout                           ;
; linha_15:l26|inst3                      ; Lost fanout                           ;
; linha_15:l26|inst2                      ; Lost fanout                           ;
; linha_15:l26|instiis                    ; Lost fanout                           ;
; linha_27:l27|inst8                      ; Lost fanout                           ;
; linha_27:l27|inst7                      ; Lost fanout                           ;
; linha_27:l27|inst6                      ; Lost fanout                           ;
; linha_27:l27|inst5                      ; Lost fanout                           ;
; linha_27:l27|inst4                      ; Lost fanout                           ;
; linha_27:l27|inst3                      ; Lost fanout                           ;
; linha_27:l27|inst2                      ; Lost fanout                           ;
; linha_27:l27|instiis                    ; Lost fanout                           ;
; linha_28:l28|inst8                      ; Lost fanout                           ;
; linha_28:l28|inst7                      ; Lost fanout                           ;
; linha_28:l28|inst6                      ; Lost fanout                           ;
; linha_28:l28|inst5                      ; Lost fanout                           ;
; linha_28:l28|inst4                      ; Lost fanout                           ;
; linha_28:l28|inst3                      ; Lost fanout                           ;
; linha_28:l28|inst2                      ; Lost fanout                           ;
; linha_28:l28|instiis                    ; Lost fanout                           ;
; linha_27:l29|inst8                      ; Lost fanout                           ;
; linha_27:l29|inst7                      ; Lost fanout                           ;
; linha_27:l29|inst6                      ; Lost fanout                           ;
; linha_27:l29|inst5                      ; Lost fanout                           ;
; linha_27:l29|inst4                      ; Lost fanout                           ;
; linha_27:l29|inst3                      ; Lost fanout                           ;
; linha_27:l29|inst2                      ; Lost fanout                           ;
; linha_27:l29|instiis                    ; Lost fanout                           ;
; linha_1:l30|inst8                       ; Lost fanout                           ;
; linha_1:l30|inst7                       ; Lost fanout                           ;
; linha_1:l30|inst6                       ; Lost fanout                           ;
; linha_1:l30|inst5                       ; Lost fanout                           ;
; linha_1:l30|inst4                       ; Lost fanout                           ;
; linha_1:l30|inst3                       ; Lost fanout                           ;
; linha_1:l30|inst2                       ; Lost fanout                           ;
; linha_1:l30|instiis                     ; Lost fanout                           ;
; linha_1:l1|inst8                        ; Stuck at VCC due to stuck port preset ;
; linha_1:l1|inst7                        ; Stuck at VCC due to stuck port preset ;
; linha_1:l1|inst6                        ; Stuck at VCC due to stuck port preset ;
; linha_1:l1|inst5                        ; Stuck at VCC due to stuck port preset ;
; linha_1:l1|inst4                        ; Stuck at VCC due to stuck port preset ;
; linha_1:l1|inst3                        ; Stuck at VCC due to stuck port preset ;
; linha_1:l1|inst2                        ; Stuck at VCC due to stuck port preset ;
; linha_1:l1|instiis                      ; Stuck at VCC due to stuck port preset ;
; Total Number of Removed Registers = 240 ;                                       ;
+-----------------------------------------+---------------------------------------+


+------------------------------------------------------+
; General Register Statistics                          ;
+----------------------------------------------+-------+
; Statistic                                    ; Value ;
+----------------------------------------------+-------+
; Total registers                              ; 0     ;
; Number of registers using Synchronous Clear  ; 0     ;
; Number of registers using Synchronous Load   ; 0     ;
; Number of registers using Asynchronous Clear ; 0     ;
; Number of registers using Asynchronous Load  ; 0     ;
; Number of registers using Clock Enable       ; 0     ;
; Number of registers using Preset             ; 0     ;
+----------------------------------------------+-------+


+-------------------------------+
; Elapsed Time Per Partition    ;
+----------------+--------------+
; Partition Name ; Elapsed Time ;
+----------------+--------------+
; Top            ; 00:00:00     ;
+----------------+--------------+


+-------------------------------+
; Analysis & Synthesis Messages ;
+-------------------------------+
Info: *******************************************************************
Info: Running Quartus II 64-Bit Analysis & Synthesis
    Info: Version 13.0.1 Build 232 06/12/2013 Service Pack 1 SJ Web Edition
    Info: Processing started: Thu Jul 06 00:31:35 2017
Info: Command: quartus_map --read_settings_files=on --write_settings_files=off trabalho-final -c trabalho-final
Warning (20028): Parallel compilation is not licensed and has been disabled
Info (12021): Found 1 design units, including 1 entities, in source file decoder_3x8.bdf
    Info (12023): Found entity 1: Decoder_3x8
Info (12021): Found 1 design units, including 1 entities, in source file vidas.bdf
    Info (12023): Found entity 1: vidas
Info (12021): Found 1 design units, including 1 entities, in source file row.bdf
    Info (12023): Found entity 1: row
Info (12021): Found 1 design units, including 1 entities, in source file cdp_c.bdf
    Info (12023): Found entity 1: cdp_c
Info (12021): Found 1 design units, including 1 entities, in source file cdp_b.bdf
    Info (12023): Found entity 1: cdp_b
Info (12021): Found 1 design units, including 1 entities, in source file cdp_a.bdf
    Info (12023): Found entity 1: cdp_a
Info (12021): Found 1 design units, including 1 entities, in source file cdp.bdf
    Info (12023): Found entity 1: cdp
Info (12021): Found 1 design units, including 1 entities, in source file km.bdf
    Info (12023): Found entity 1: km
Info (12021): Found 1 design units, including 1 entities, in source file mux8x3.bdf
    Info (12023): Found entity 1: mux8x3
Info (12021): Found 1 design units, including 1 entities, in source file interface.bdf
    Info (12023): Found entity 1: interface
Info (12021): Found 1 design units, including 1 entities, in source file row_1.bdf
    Info (12023): Found entity 1: row_1
Info (12021): Found 1 design units, including 1 entities, in source file pot_abc.bdf
    Info (12023): Found entity 1: pot_abc
Warning (12019): Can't analyze file -- file velocidade.bdf is missing
Info (12021): Found 1 design units, including 1 entities, in source file velocidade2.bdf
    Info (12023): Found entity 1: velocidade2
Info (12021): Found 2 design units, including 1 entities, in source file lpm_mux0.vhd
    Info (12022): Found design unit 1: lpm_mux0-SYN
    Info (12023): Found entity 1: lpm_mux0
Info (12021): Found 2 design units, including 1 entities, in source file lpm_counter0.vhd
    Info (12022): Found design unit 1: lpm_counter0-SYN
    Info (12023): Found entity 1: lpm_counter0
Info (12021): Found 2 design units, including 1 entities, in source file lpm_mux1.vhd
    Info (12022): Found design unit 1: lpm_mux1-SYN
    Info (12023): Found entity 1: lpm_mux1
Info (12021): Found 1 design units, including 1 entities, in source file fdiv1.v
    Info (12023): Found entity 1: fdiv
Info (12021): Found 1 design units, including 1 entities, in source file linha_1.bdf
    Info (12023): Found entity 1: linha_1
Info (12021): Found 1 design units, including 1 entities, in source file linha_2.bdf
    Info (12023): Found entity 1: linha_2
Info (12021): Found 1 design units, including 1 entities, in source file mapa_completo.bdf
    Info (12023): Found entity 1: mapa_completo
Info (12021): Found 1 design units, including 1 entities, in source file linha_3.bdf
    Info (12023): Found entity 1: linha_3
Info (12021): Found 1 design units, including 1 entities, in source file linha_9.bdf
    Info (12023): Found entity 1: linha_9
Info (12021): Found 1 design units, including 1 entities, in source file linha_10.bdf
    Info (12023): Found entity 1: linha_10
Info (12021): Found 1 design units, including 1 entities, in source file linha_11.bdf
    Info (12023): Found entity 1: linha_11
Info (12021): Found 1 design units, including 1 entities, in source file linha_12.bdf
    Info (12023): Found entity 1: linha_12
Info (12021): Found 1 design units, including 1 entities, in source file linha_13.bdf
    Info (12023): Found entity 1: linha_13
Info (12021): Found 1 design units, including 1 entities, in source file linha_15.bdf
    Info (12023): Found entity 1: linha_15
Info (12021): Found 1 design units, including 1 entities, in source file linha_16.bdf
    Info (12023): Found entity 1: linha_16
Info (12021): Found 1 design units, including 1 entities, in source file linha_17.bdf
    Info (12023): Found entity 1: linha_17
Info (12021): Found 1 design units, including 1 entities, in source file linha_24.bdf
    Info (12023): Found entity 1: linha_24
Info (12021): Found 1 design units, including 1 entities, in source file linha_27.bdf
    Info (12023): Found entity 1: linha_27
Info (12021): Found 1 design units, including 1 entities, in source file linha_28.bdf
    Info (12023): Found entity 1: linha_28
Info (12127): Elaborating entity "mapa_completo" for the top level hierarchy
Info (12128): Elaborating entity "linha_1" for hierarchy "linha_1:l1"
Info (12128): Elaborating entity "linha_2" for hierarchy "linha_2:l2"
Info (12128): Elaborating entity "linha_9" for hierarchy "linha_9:l9"
Info (12128): Elaborating entity "linha_10" for hierarchy "linha_10:l10"
Info (12128): Elaborating entity "linha_12" for hierarchy "linha_12:l12"
Info (12128): Elaborating entity "linha_13" for hierarchy "linha_13:l13"
Info (12128): Elaborating entity "linha_15" for hierarchy "linha_15:l15"
Info (12128): Elaborating entity "linha_16" for hierarchy "linha_16:l16"
Info (12128): Elaborating entity "linha_17" for hierarchy "linha_17:l17"
Info (12128): Elaborating entity "linha_24" for hierarchy "linha_24:l24"
Info (12128): Elaborating entity "linha_27" for hierarchy "linha_27:l27"
Info (12128): Elaborating entity "linha_28" for hierarchy "linha_28:l28"
Info (17049): 232 registers lost all their fanouts during netlist optimizations.
Info (16010): Generating hard_block partition "hard_block:auto_generated_inst"
    Info (16011): Adding 0 node(s), including 0 DDIO, 0 PLL, 0 transceiver and 0 LCELL
Warning (21074): Design contains 9 input pin(s) that do not drive logic
    Warning (15610): No output dependent on input pin "CLK"
    Warning (15610): No output dependent on input pin "E[7]"
    Warning (15610): No output dependent on input pin "E[6]"
    Warning (15610): No output dependent on input pin "E[5]"
    Warning (15610): No output dependent on input pin "E[4]"
    Warning (15610): No output dependent on input pin "E[3]"
    Warning (15610): No output dependent on input pin "E[2]"
    Warning (15610): No output dependent on input pin "E[1]"
    Warning (15610): No output dependent on input pin "E[0]"
Info (21057): Implemented 18 device resources after synthesis - the final resource count might be different
    Info (21058): Implemented 10 input pins
    Info (21059): Implemented 8 output pins
Info: Quartus II 64-Bit Analysis & Synthesis was successful. 0 errors, 12 warnings
    Info: Peak virtual memory: 506 megabytes
    Info: Processing ended: Thu Jul 06 00:31:39 2017
    Info: Elapsed time: 00:00:04
    Info: Total CPU time (on all processors): 00:00:04


